{
  "RSpec": {
    "coverage": {
      "/Users/jake/Projects/bank-tech-test/spec/account_spec.rb": {
        "lines": [
          null,
          null,
          1,
          null,
          1,
          1,
          1,
          1,
          null,
          null,
          1,
          1,
          1,
          1,
          null,
          null,
          1,
          1,
          1,
          1,
          1,
          null,
          null,
          1,
          1,
          1,
          1,
          1,
          1,
          1,
          null,
          null,
          1,
          1,
          1,
          0,
          0,
          null,
          null,
          1,
          1,
          1,
          1,
          null,
          null,
          1,
          1,
          1,
          1,
          1,
          null,
          null,
          null,
          1,
          1,
          1,
          1,
          2,
          null,
          null,
          null,
          1,
          1,
          1,
          2,
          null,
          null,
          1,
          2,
          2,
          null,
          null,
          1,
          1,
          1,
          2,
          2,
          null,
          null,
          null
        ]
      },
      "/Users/jake/Projects/bank-tech-test/lib/account.rb": {
        "lines": [
          null,
          null,
          1,
          null,
          null,
          1,
          1,
          null,
          1,
          11,
          11,
          null,
          null,
          1,
          11,
          null,
          9,
          9,
          null,
          null,
          1,
          5,
          3,
          null,
          1,
          1,
          null,
          null,
          1,
          1,
          1,
          1,
          null,
          null,
          null,
          1,
          null,
          1,
          16,
          null,
          null,
          1,
          10,
          null,
          null
        ]
      },
      "/Users/jake/Projects/bank-tech-test/lib/statement.rb": {
        "lines": [
          null,
          null,
          null,
          1,
          1,
          null,
          1,
          12,
          null,
          null,
          1,
          2,
          null,
          null
        ]
      },
      "/Users/jake/Projects/bank-tech-test/spec/statement_spec.rb": {
        "lines": [
          null,
          null,
          1,
          null,
          1,
          null,
          1,
          1,
          1,
          1,
          1,
          null,
          null,
          1,
          1,
          1,
          1,
          null,
          null,
          null
        ]
      }
    },
    "timestamp": 1635325751
  }
}
